<?xml version="1.0"?>
<!--

  Copyright (c) 2020, Oracle and/or its affiliates. All rights reserved.
  DO NOT ALTER OR REMOVE COPYRIGHT NOTICES OR THIS FILE HEADER.

  This code is free software; you can redistribute it and/or modify it
  under the terms of the GNU General Public License version 2 only, as
  published by the Free Software Foundation.  Oracle designates this
  particular file as subject to the "Classpath" exception as provided
  by Oracle in the LICENSE file that accompanied this code.

  This code is distributed in the hope that it will be useful, but WITHOUT
  ANY WARRANTY; without even the implied warranty of MERCHANTABILITY or
  FITNESS FOR A PARTICULAR PURPOSE.  See the GNU General Public License
  version 2 for more details (a copy is included in the LICENSE file that
  accompanied this code).

  You should have received a copy of the GNU General Public License version
  2 along with this work; if not, write to the Free Software Foundation,
  Inc., 51 Franklin St, Fifth Floor, Boston, MA 02110-1301 USA.

  Please contact Oracle, 500 Oracle Parkway, Redwood Shores, CA 94065 USA
  or visit www.oracle.com if you need additional information or have any
  questions.

-->

<coherence xmlns:xsi="http://www.w3.org/2001/XMLSchema-instance"
           xmlns="http://xmlns.oracle.com/coherence/coherence-operational-config"
           xsi:schemaLocation="http://xmlns.oracle.com/coherence/coherence-operational-config coherence-operational-config.xsd"
           xml-override="tangosol-coherence-override.xml">

    <cluster-config>
        <persistence-environments>
            <persistence-environment id="simple-bdb-environment">
                <persistence-mode>active</persistence-mode>
                <active-directory system-property="active.dir">store-bdb-active</active-directory>
                <snapshot-directory system-property="snapshot.dir">store-bdb-snapshot</snapshot-directory>
                <trash-directory system-property="trash.dir">store-bdb-trash</trash-directory>
            </persistence-environment>
        </persistence-environments>
    </cluster-config>

    <federation-config>
        <participants>
            <participant>
                <name>ClusterA</name>
                <remote-addresses>
                    <socket-address>
                        <address system-property="loopbackhost">127.0.0.1</address>
                        <port>7574</port>
                    </socket-address>
                </remote-addresses>
            </participant>
            <participant>
                <name>ClusterB</name>
                <remote-addresses>
                    <socket-address>
                        <address system-property="loopbackhost">127.0.0.1</address>
                        <port>7574</port>
                    </socket-address>
                </remote-addresses>
            </participant>
        </participants>
    </federation-config>
</coherence>
